<?xml version="1.0" encoding="UTF-8"?>
<!-- Generated by org.testng.reporters.JUnitXMLReporter -->
<testsuite ignored="2" hostname="DESKTOP-0TC20NJ" failures="0" tests="3" name="LoginTest" time="16.857" errors="0" timestamp="2022-12-22T19:58:36 IST">
  <testcase classname="Tests.OrangeHrm" name="LaunchApp" time="4.25"/>
  <testcase classname="Tests.OrangeHrm" name="EnterLoginDetails" time="1.0"/>
  <testcase classname="Tests.OrangeHrm" name="VerifyLoginPage" time="2.033"/>
  <testcase classname="Tests.OrangeHrm" name="NavigateToMyInfo" time="0.0">
    <ignored/>
  </testcase> <!-- NavigateToMyInfo -->
  <testcase classname="Tests.OrangeHrm" name="VerifyMyInfo" time="0.0">
    <ignored/>
  </testcase> <!-- VerifyMyInfo -->
</testsuite> <!-- LoginTest -->
