<?xml version="1.0" encoding="UTF-8"?>
<!-- Generated by org.testng.reporters.JUnitXMLReporter -->
<testsuite ignored="1" hostname="DESKTOP-0TC20NJ" failures="0" tests="4" name="MyInfoTest" time="23.167" errors="0" timestamp="2022-11-15T13:35:08 IST">
  <testcase classname="Tests.OrangeHrm" name="LaunchApp" time="4.082"/>
  <testcase classname="Tests.OrangeHrm" name="EnterLoginDetails" time="2.514"/>
  <testcase classname="Tests.OrangeHrm" name="NavigateToMyInfo" time="7.453"/>
  <testcase classname="Tests.OrangeHrm" name="VerifyMyInfo" time="0.109"/>
  <testcase classname="Tests.OrangeHrm" name="VerifyLoginPage" time="0.0">
    <ignored/>
  </testcase> <!-- VerifyLoginPage -->
</testsuite> <!-- MyInfoTest -->
