<?xml version="1.0" encoding="UTF-8"?>
<!-- Generated by org.testng.reporters.JUnitXMLReporter -->
<testsuite ignored="0" hostname="Kapil_Newaskar" failures="0" tests="3" name="Default test" time="82.454" errors="0" timestamp="2022-06-17T19:57:33 IST">
  <testcase classname="testcases.HomePageTestcases002" name="search1" time="6.686"/>
  <testcase classname="testcases.HomePageTestcases002" name="search2" time="7.368"/>
  <testcase classname="testcases.HomePageTestcases002" name="search3" time="2.174"/>
</testsuite> <!-- Default test -->
