<?xml version="1.0" encoding="UTF-8"?>
<!-- Generated by org.testng.reporters.JUnitXMLReporter -->
<testsuite ignored="0" hostname="DESKTOP-0TC20NJ" failures="0" tests="3" name="Default test" time="129.57" errors="0" timestamp="2022-11-29T17:36:51 IST">
  <testcase classname="Tests.DataProviderEx" name="Test_Google" time="45.476"/>
  <testcase classname="Tests.DataProviderEx" name="Test_Google" time="41.048"/>
  <testcase classname="Tests.DataProviderEx" name="Test_Google" time="41.652"/>
</testsuite> <!-- Default test -->
