<?xml version="1.0" encoding="UTF-8"?>
<testng-results ignored="2" total="5" passed="3" failed="0" skipped="0">
  <reporter-output>
  </reporter-output>
  <suite started-at="2022-12-22T19:58:19 IST" name="DemoSuite" finished-at="2022-12-22T19:58:36 IST" duration-ms="16857">
    <groups>
    </groups>
    <test started-at="2022-12-22T19:58:19 IST" name="LoginTest" finished-at="2022-12-22T19:58:36 IST" duration-ms="16857">
      <class name="Tests.OrangeHrm">
        <test-method is-config="true" signature="InializeBrowser(java.lang.String)[pri:0, instance:Tests.OrangeHrm@11392934]" started-at="2022-12-22T19:58:19 IST" name="InializeBrowser" finished-at="2022-12-22T19:58:25 IST" duration-ms="5974" status="PASS">
          <params>
            <param index="0">
              <value>
                <![CDATA[Edge]]>
              </value>
            </param>
          </params>
          <reporter-output>
          </reporter-output>
        </test-method> <!-- InializeBrowser -->
        <test-method signature="LaunchApp(java.lang.String)[pri:0, instance:Tests.OrangeHrm@11392934]" started-at="2022-12-22T19:58:25 IST" name="LaunchApp" finished-at="2022-12-22T19:58:29 IST" duration-ms="4250" status="PASS">
          <params>
            <param index="0">
              <value>
                <![CDATA[https://opensource-demo.orangehrmlive.com/]]>
              </value>
            </param>
          </params>
          <reporter-output>
          </reporter-output>
        </test-method> <!-- LaunchApp -->
        <test-method signature="EnterLoginDetails(java.lang.String,java.lang.String)[pri:0, instance:Tests.OrangeHrm@11392934]" started-at="2022-12-22T19:58:29 IST" name="EnterLoginDetails" finished-at="2022-12-22T19:58:30 IST" duration-ms="1000" status="PASS">
          <params>
            <param index="0">
              <value>
                <![CDATA[Admin]]>
              </value>
            </param>
            <param index="1">
              <value>
                <![CDATA[admin123]]>
              </value>
            </param>
          </params>
          <reporter-output>
          </reporter-output>
        </test-method> <!-- EnterLoginDetails -->
        <test-method signature="VerifyLoginPage()[pri:0, instance:Tests.OrangeHrm@11392934]" started-at="2022-12-22T19:58:30 IST" name="VerifyLoginPage" finished-at="2022-12-22T19:58:32 IST" duration-ms="2033" status="PASS">
          <reporter-output>
          </reporter-output>
        </test-method> <!-- VerifyLoginPage -->
        <test-method is-config="true" signature="TearDownBrowser(java.lang.Long)[pri:0, instance:Tests.OrangeHrm@11392934]" started-at="2022-12-22T19:58:32 IST" name="TearDownBrowser" finished-at="2022-12-22T19:58:36 IST" duration-ms="3520" status="PASS">
          <params>
            <param index="0">
              <value>
                <![CDATA[3000]]>
              </value>
            </param>
          </params>
          <reporter-output>
          </reporter-output>
        </test-method> <!-- TearDownBrowser -->
      </class> <!-- Tests.OrangeHrm -->
    </test> <!-- LoginTest -->
  </suite> <!-- DemoSuite -->
</testng-results>
