<?xml version="1.0" encoding="UTF-8"?>
<testng-results ignored="0" total="3" passed="3" failed="0" skipped="0">
  <reporter-output>
  </reporter-output>
  <suite started-at="2022-06-17T19:56:10 IST" name="Default suite" finished-at="2022-06-17T19:57:33 IST" duration-ms="82454">
    <groups>
    </groups>
    <test started-at="2022-06-17T19:56:10 IST" name="Default test" finished-at="2022-06-17T19:57:33 IST" duration-ms="82454">
      <class name="testcases.HomePageTestcases002">
        <test-method is-config="true" signature="testbefore()[pri:0, instance:testcases.HomePageTestcases002@498d318c]" started-at="2022-06-17T19:56:10 IST" name="testbefore" finished-at="2022-06-17T19:56:11 IST" duration-ms="661" status="PASS">
          <reporter-output>
          </reporter-output>
        </test-method> <!-- testbefore -->
        <test-method is-config="true" signature="beforeClass()[pri:0, instance:testcases.HomePageTestcases002@498d318c]" started-at="2022-06-17T19:56:11 IST" name="beforeClass" finished-at="2022-06-17T19:56:45 IST" duration-ms="34187" status="PASS">
          <reporter-output>
          </reporter-output>
        </test-method> <!-- beforeClass -->
        <test-method signature="search1()[pri:0, instance:testcases.HomePageTestcases002@498d318c]" started-at="2022-06-17T19:56:45 IST" name="search1" finished-at="2022-06-17T19:56:52 IST" duration-ms="6686" status="PASS">
          <reporter-output>
          </reporter-output>
        </test-method> <!-- search1 -->
        <test-method is-config="true" signature="afterMethod()[pri:0, instance:testcases.HomePageTestcases002@498d318c]" started-at="2022-06-17T19:56:52 IST" name="afterMethod" finished-at="2022-06-17T19:57:03 IST" duration-ms="10637" status="PASS">
          <reporter-output>
          </reporter-output>
        </test-method> <!-- afterMethod -->
        <test-method signature="search2()[pri:0, instance:testcases.HomePageTestcases002@498d318c]" started-at="2022-06-17T19:57:03 IST" name="search2" finished-at="2022-06-17T19:57:10 IST" duration-ms="7368" status="PASS">
          <reporter-output>
          </reporter-output>
        </test-method> <!-- search2 -->
        <test-method is-config="true" signature="afterMethod()[pri:0, instance:testcases.HomePageTestcases002@498d318c]" started-at="2022-06-17T19:57:10 IST" name="afterMethod" finished-at="2022-06-17T19:57:20 IST" duration-ms="10195" status="PASS">
          <reporter-output>
          </reporter-output>
        </test-method> <!-- afterMethod -->
        <test-method signature="search3()[pri:0, instance:testcases.HomePageTestcases002@498d318c]" started-at="2022-06-17T19:57:20 IST" name="search3" finished-at="2022-06-17T19:57:22 IST" duration-ms="2174" status="PASS">
          <reporter-output>
          </reporter-output>
        </test-method> <!-- search3 -->
        <test-method is-config="true" signature="afterMethod()[pri:0, instance:testcases.HomePageTestcases002@498d318c]" started-at="2022-06-17T19:57:22 IST" name="afterMethod" finished-at="2022-06-17T19:57:32 IST" duration-ms="10051" status="PASS">
          <reporter-output>
          </reporter-output>
        </test-method> <!-- afterMethod -->
        <test-method is-config="true" signature="afterClass()[pri:0, instance:testcases.HomePageTestcases002@498d318c]" started-at="2022-06-17T19:57:32 IST" name="afterClass" finished-at="2022-06-17T19:57:33 IST" duration-ms="257" status="PASS">
          <reporter-output>
          </reporter-output>
        </test-method> <!-- afterClass -->
        <test-method is-config="true" signature="testafter()[pri:0, instance:testcases.HomePageTestcases002@498d318c]" started-at="2022-06-17T19:57:33 IST" name="testafter" finished-at="2022-06-17T19:57:33 IST" duration-ms="54" status="PASS">
          <reporter-output>
          </reporter-output>
        </test-method> <!-- testafter -->
      </class> <!-- testcases.HomePageTestcases002 -->
    </test> <!-- Default test -->
  </suite> <!-- Default suite -->
</testng-results>
