<?xml version="1.0" encoding="UTF-8"?>
<!-- Generated by org.testng.reporters.JUnitXMLReporter -->
<testsuite ignored="1" hostname="DESKTOP-0TC20NJ" failures="0" tests="1" name="InvalidLoginTest" time="29.556" errors="0" timestamp="2022-12-28T20:05:56 IST">
  <testcase classname="E_commerce_project.Test_001" name="InvalidLogin" time="20.532"/>
  <testcase classname="E_commerce_project.Test_001" name="Login" time="0.0">
    <ignored/>
  </testcase> <!-- Login -->
</testsuite> <!-- InvalidLoginTest -->
