<?xml version="1.0" encoding="UTF-8"?>
<!-- Generated by org.testng.reporters.JUnitXMLReporter -->
<testsuite ignored="3" hostname="DESKTOP-0TC20NJ" failures="0" tests="1" name="Test1" time="11.132" errors="0" timestamp="2022-12-17T15:18:28 IST">
  <testcase classname="NewAutomation.dropdown" name="radioBtn" time="3.791"/>
  <testcase classname="NewAutomation.dropdown" name="launchapp" time="0.0">
    <ignored/>
  </testcase> <!-- launchapp -->
  <testcase classname="NewAutomation.dropdown" name="selectdateandtime" time="0.0">
    <ignored/>
  </testcase> <!-- selectdateandtime -->
  <testcase classname="NewAutomation.dropdown" name="CalenderAnimation" time="0.0">
    <ignored/>
  </testcase> <!-- CalenderAnimation -->
</testsuite> <!-- Test1 -->
