<?xml version="1.0" encoding="UTF-8"?>
<!-- Generated by org.testng.reporters.JUnitXMLReporter -->
<testsuite ignored="0" hostname="Kapil_Newaskar" failures="0" tests="3" name="Test001" time="17.553" errors="0" timestamp="2022-06-18T16:32:11 IST">
  <testcase classname="TestCases.Home_Page_Testcase001" name="search1" time="3.83"/>
  <testcase classname="TestCases.Home_Page_Testcase001" name="search2" time="2.796"/>
  <testcase classname="TestCases.Home_Page_Testcase001" name="search3" time="1.823"/>
</testsuite> <!-- Test001 -->
