<?xml version="1.0" encoding="UTF-8"?>
<!-- Generated by org.testng.reporters.JUnitXMLReporter -->
<testsuite ignored="0" hostname="Kapil_Newaskar" failures="0" tests="4" name="Test" time="0.163" errors="0" timestamp="2022-06-18T16:21:00 IST">
  <testcase classname="base.TestBase" name="@BeforeClass beforeclass" time="0.026">
    <failure type="java.lang.NullPointerException" message="Cannot invoke &amp;quot;Object.getClass()&amp;quot; because &amp;quot;object&amp;quot; is null">
      <![CDATA[java.lang.NullPointerException: Cannot invoke "Object.getClass()" because "object" is null
at org.openqa.selenium.support.events.EventFiringWebDriver.extractInterfaces(EventFiringWebDriver.java:120)
at org.openqa.selenium.support.events.EventFiringWebDriver.<init>(EventFiringWebDriver.java:94)
at base.TestBase.beforeclass(TestBase.java:43)
at java.base/java.util.ArrayList.forEach(ArrayList.java:1511)
... Removed 25 stack frames]]>
    </failure>
  </testcase> <!-- @BeforeClass beforeclass -->
  <testcase classname="base.TestBase" name="@AfterClass afterclass" time="0.0">
    <skipped/>
  </testcase> <!-- @AfterClass afterclass -->
  <testcase classname="base.TestBase" name="@BeforeClass beforeclass" time="0.001">
    <failure type="java.lang.NullPointerException" message="Cannot invoke &amp;quot;Object.getClass()&amp;quot; because &amp;quot;object&amp;quot; is null">
      <![CDATA[java.lang.NullPointerException: Cannot invoke "Object.getClass()" because "object" is null
at org.openqa.selenium.support.events.EventFiringWebDriver.extractInterfaces(EventFiringWebDriver.java:120)
at org.openqa.selenium.support.events.EventFiringWebDriver.<init>(EventFiringWebDriver.java:94)
at base.TestBase.beforeclass(TestBase.java:43)
at java.base/java.util.ArrayList.forEach(ArrayList.java:1511)
... Removed 25 stack frames]]>
    </failure>
  </testcase> <!-- @BeforeClass beforeclass -->
  <testcase classname="base.TestBase" name="@AfterClass afterclass" time="0.0">
    <skipped/>
  </testcase> <!-- @AfterClass afterclass -->
  <testcase classname="TestCases.Home_Page_Testcase001" name="search1" time="0.001">
    <skipped/>
  </testcase> <!-- search1 -->
  <testcase classname="TestCases.Home_Page_Testcase001" name="search2" time="0.0">
    <skipped/>
  </testcase> <!-- search2 -->
  <testcase classname="TestCases.Home_Page_Testcase001" name="search3" time="0.001">
    <skipped/>
  </testcase> <!-- search3 -->
  <testcase classname="TestCases.SignIn_Page_Testcase001" name="SignIn" time="0.0">
    <skipped/>
  </testcase> <!-- SignIn -->
</testsuite> <!-- Test -->
