<?xml version="1.0" encoding="UTF-8"?>
<!-- Generated by org.testng.reporters.JUnitXMLReporter -->
<testsuite ignored="0" hostname="DESKTOP-0TC20NJ" failures="0" tests="4" name="Default test" time="4.908" errors="0" timestamp="2023-01-10T14:26:57 IST">
  <testcase classname="Basics_Project.LibraryApi" name="PostBook" time="3.469"/>
  <testcase classname="Basics_Project.LibraryApi" name="PostBook" time="0.528"/>
  <testcase classname="Basics_Project.LibraryApi" name="PostBook" time="0.397"/>
  <testcase classname="Basics_Project.LibraryApi" name="PostBook" time="0.424"/>
</testsuite> <!-- Default test -->
