<?xml version="1.0" encoding="UTF-8"?>
<testng-results ignored="0" total="3" passed="3" failed="0" skipped="0">
  <reporter-output>
  </reporter-output>
  <suite started-at="2022-11-29T17:34:41 IST" name="Default suite" finished-at="2022-11-29T17:36:51 IST" duration-ms="129570">
    <groups>
    </groups>
    <test started-at="2022-11-29T17:34:41 IST" name="Default test" finished-at="2022-11-29T17:36:51 IST" duration-ms="129570">
      <class name="Tests.DataProviderEx">
        <test-method signature="Test_Google(java.lang.String,java.lang.String)[pri:0, instance:Tests.DataProviderEx@771a660]" started-at="2022-11-29T17:34:43 IST" name="Test_Google" data-provider="LoginData" finished-at="2022-11-29T17:35:28 IST" duration-ms="45476" status="PASS">
          <params>
            <param index="0">
              <value>
                <![CDATA[Admin]]>
              </value>
            </param>
            <param index="1">
              <value>
                <![CDATA[admin123]]>
              </value>
            </param>
          </params>
          <reporter-output>
          </reporter-output>
        </test-method> <!-- Test_Google -->
        <test-method signature="Test_Google(java.lang.String,java.lang.String)[pri:0, instance:Tests.DataProviderEx@771a660]" started-at="2022-11-29T17:35:28 IST" name="Test_Google" data-provider="LoginData" finished-at="2022-11-29T17:36:09 IST" duration-ms="41048" status="PASS">
          <params>
            <param index="0">
              <value>
                <![CDATA[admin1]]>
              </value>
            </param>
            <param index="1">
              <value>
                <![CDATA[admin154]]>
              </value>
            </param>
          </params>
          <reporter-output>
          </reporter-output>
        </test-method> <!-- Test_Google -->
        <test-method signature="Test_Google(java.lang.String,java.lang.String)[pri:0, instance:Tests.DataProviderEx@771a660]" started-at="2022-11-29T17:36:09 IST" name="Test_Google" data-provider="LoginData" finished-at="2022-11-29T17:36:51 IST" duration-ms="41652" status="PASS">
          <params>
            <param index="0">
              <value>
                <![CDATA[addd]]>
              </value>
            </param>
            <param index="1">
              <value>
                <![CDATA[aaawed11]]>
              </value>
            </param>
          </params>
          <reporter-output>
          </reporter-output>
        </test-method> <!-- Test_Google -->
      </class> <!-- Tests.DataProviderEx -->
    </test> <!-- Default test -->
  </suite> <!-- Default suite -->
</testng-results>
